<?xml version="1.0" encoding="UTF-8"?>
<!-- Generated by org.testng.reporters.JUnitReportReporter -->
<testsuite hostname="ranto-HP-Laptop-14-cm0xxx" failures="0" tests="5" name="com.siloam.UserAdmin.RunnerFilesAdmin" time="0.283" errors="0" timestamp="2022-08-12T22:11:54 WIB" skipped="5">
  <testcase classname="com.siloam.UserAdmin.RunnerFilesAdmin" name="runScenario" time="0.080">
    <skipped/>
  </testcase> <!-- runScenario -->
  <system-out/>
  <testcase classname="com.siloam.UserAdmin.RunnerFilesAdmin" name="runScenario" time="0.010">
    <skipped/>
  </testcase> <!-- runScenario -->
  <system-out/>
  <testcase classname="com.siloam.UserAdmin.RunnerFilesAdmin" name="runScenario" time="0.172">
    <skipped/>
  </testcase> <!-- runScenario -->
  <system-out/>
  <testcase classname="com.siloam.UserAdmin.RunnerFilesAdmin" name="runScenario" time="0.012">
    <skipped/>
  </testcase> <!-- runScenario -->
  <system-out/>
  <testcase classname="com.siloam.UserAdmin.RunnerFilesAdmin" name="runScenario" time="0.009">
    <skipped/>
  </testcase> <!-- runScenario -->
  <system-out/>
</testsuite> <!-- com.siloam.UserAdmin.RunnerFilesAdmin -->
