<?xml version="1.0" encoding="UTF-8"?>
<!-- Generated by org.testng.reporters.JUnitReportReporter -->
<testsuite hostname="ranto-HP-Laptop-14-cm0xxx" failures="0" tests="26" name="com.soliam.RunnerFiles" time="236.408" errors="0" timestamp="2022-08-15T18:57:47 WIB" skipped="0">
  <testcase classname="com.soliam.RunnerFiles" name="runScenario" time="7.846"/>
  <system-out/>
  <testcase classname="com.soliam.RunnerFiles" name="runScenario" time="6.309"/>
  <system-out/>
  <testcase classname="com.soliam.RunnerFiles" name="runScenario" time="6.928"/>
  <system-out/>
  <testcase classname="com.soliam.RunnerFiles" name="runScenario" time="8.600"/>
  <system-out/>
  <testcase classname="com.soliam.RunnerFiles" name="runScenario" time="9.068"/>
  <system-out/>
  <testcase classname="com.soliam.RunnerFiles" name="runScenario" time="8.345"/>
  <system-out/>
  <testcase classname="com.soliam.RunnerFiles" name="runScenario" time="10.485"/>
  <system-out/>
  <testcase classname="com.soliam.RunnerFiles" name="runScenario" time="10.549"/>
  <system-out/>
  <testcase classname="com.soliam.RunnerFiles" name="runScenario" time="6.406"/>
  <system-out/>
  <testcase classname="com.soliam.RunnerFiles" name="runScenario" time="9.831"/>
  <system-out/>
  <testcase classname="com.soliam.RunnerFiles" name="runScenario" time="6.713"/>
  <system-out/>
  <testcase classname="com.soliam.RunnerFiles" name="runScenario" time="8.809"/>
  <system-out/>
  <testcase classname="com.soliam.RunnerFiles" name="runScenario" time="7.312"/>
  <system-out/>
  <testcase classname="com.soliam.RunnerFiles" name="runScenario" time="7.300"/>
  <system-out/>
  <testcase classname="com.soliam.RunnerFiles" name="runScenario" time="6.503"/>
  <system-out/>
  <testcase classname="com.soliam.RunnerFiles" name="runScenario" time="7.855"/>
  <system-out/>
  <testcase classname="com.soliam.RunnerFiles" name="runScenario" time="11.357"/>
  <system-out/>
  <testcase classname="com.soliam.RunnerFiles" name="runScenario" time="6.023"/>
  <system-out/>
  <testcase classname="com.soliam.RunnerFiles" name="runScenario" time="10.323"/>
  <system-out/>
  <testcase classname="com.soliam.RunnerFiles" name="runScenario" time="7.678"/>
  <system-out/>
  <testcase classname="com.soliam.RunnerFiles" name="runScenario" time="7.354"/>
  <system-out/>
  <testcase classname="com.soliam.RunnerFiles" name="runScenario" time="8.725"/>
  <system-out/>
  <testcase classname="com.soliam.RunnerFiles" name="runScenario" time="20.851"/>
  <system-out/>
  <testcase classname="com.soliam.RunnerFiles" name="runScenario" time="8.228"/>
  <system-out/>
  <testcase classname="com.soliam.RunnerFiles" name="runScenario" time="21.206"/>
  <system-out/>
  <testcase classname="com.soliam.RunnerFiles" name="runScenario" time="5.804"/>
  <system-out/>
</testsuite> <!-- com.soliam.RunnerFiles -->
