<?xml version="1.0" encoding="UTF-8"?>
<!-- Generated by org.testng.reporters.JUnitReportReporter -->
<testsuite hostname="ranto-HP-Laptop-14-cm0xxx" failures="0" tests="42" name="com.siloamSales.RunnerFilesSales" time="0.337" errors="0" timestamp="2022-08-15T14:37:00 WIB" skipped="42">
  <testcase classname="com.siloamSales.RunnerFilesSales" name="runScenario" time="0.004">
    <skipped/>
  </testcase> <!-- runScenario -->
  <system-out/>
  <testcase classname="com.siloamSales.RunnerFilesSales" name="runScenario" time="0.006">
    <skipped/>
  </testcase> <!-- runScenario -->
  <system-out/>
  <testcase classname="com.siloamSales.RunnerFilesSales" name="runScenario" time="0.004">
    <skipped/>
  </testcase> <!-- runScenario -->
  <system-out/>
  <testcase classname="com.siloamSales.RunnerFilesSales" name="runScenario" time="0.006">
    <skipped/>
  </testcase> <!-- runScenario -->
  <system-out/>
  <testcase classname="com.siloamSales.RunnerFilesSales" name="runScenario" time="0.005">
    <skipped/>
  </testcase> <!-- runScenario -->
  <system-out/>
  <testcase classname="com.siloamSales.RunnerFilesSales" name="runScenario" time="0.005">
    <skipped/>
  </testcase> <!-- runScenario -->
  <system-out/>
  <testcase classname="com.siloamSales.RunnerFilesSales" name="runScenario" time="0.005">
    <skipped/>
  </testcase> <!-- runScenario -->
  <system-out/>
  <testcase classname="com.siloamSales.RunnerFilesSales" name="runScenario" time="0.009">
    <skipped/>
  </testcase> <!-- runScenario -->
  <system-out/>
  <testcase classname="com.siloamSales.RunnerFilesSales" name="runScenario" time="0.006">
    <skipped/>
  </testcase> <!-- runScenario -->
  <system-out/>
  <testcase classname="com.siloamSales.RunnerFilesSales" name="runScenario" time="0.003">
    <skipped/>
  </testcase> <!-- runScenario -->
  <system-out/>
  <testcase classname="com.siloamSales.RunnerFilesSales" name="runScenario" time="0.004">
    <skipped/>
  </testcase> <!-- runScenario -->
  <system-out/>
  <testcase classname="com.siloamSales.RunnerFilesSales" name="runScenario" time="0.005">
    <skipped/>
  </testcase> <!-- runScenario -->
  <system-out/>
  <testcase classname="com.siloamSales.RunnerFilesSales" name="runScenario" time="0.010">
    <skipped/>
  </testcase> <!-- runScenario -->
  <system-out/>
  <testcase classname="com.siloamSales.RunnerFilesSales" name="runScenario" time="0.005">
    <skipped/>
  </testcase> <!-- runScenario -->
  <system-out/>
  <testcase classname="com.siloamSales.RunnerFilesSales" name="runScenario" time="0.004">
    <skipped/>
  </testcase> <!-- runScenario -->
  <system-out/>
  <testcase classname="com.siloamSales.RunnerFilesSales" name="runScenario" time="0.005">
    <skipped/>
  </testcase> <!-- runScenario -->
  <system-out/>
  <testcase classname="com.siloamSales.RunnerFilesSales" name="runScenario" time="0.005">
    <skipped/>
  </testcase> <!-- runScenario -->
  <system-out/>
  <testcase classname="com.siloamSales.RunnerFilesSales" name="runScenario" time="0.005">
    <skipped/>
  </testcase> <!-- runScenario -->
  <system-out/>
  <testcase classname="com.siloamSales.RunnerFilesSales" name="runScenario" time="0.005">
    <skipped/>
  </testcase> <!-- runScenario -->
  <system-out/>
  <testcase classname="com.siloamSales.RunnerFilesSales" name="runScenario" time="0.003">
    <skipped/>
  </testcase> <!-- runScenario -->
  <system-out/>
  <testcase classname="com.siloamSales.RunnerFilesSales" name="runScenario" time="0.008">
    <skipped/>
  </testcase> <!-- runScenario -->
  <system-out/>
  <testcase classname="com.siloamSales.RunnerFilesSales" name="runScenario" time="0.005">
    <skipped/>
  </testcase> <!-- runScenario -->
  <system-out/>
  <testcase classname="com.siloamSales.RunnerFilesSales" name="runScenario" time="0.004">
    <skipped/>
  </testcase> <!-- runScenario -->
  <system-out/>
  <testcase classname="com.siloamSales.RunnerFilesSales" name="runScenario" time="0.004">
    <skipped/>
  </testcase> <!-- runScenario -->
  <system-out/>
  <testcase classname="com.siloamSales.RunnerFilesSales" name="runScenario" time="0.004">
    <skipped/>
  </testcase> <!-- runScenario -->
  <system-out/>
  <testcase classname="com.siloamSales.RunnerFilesSales" name="runScenario" time="0.126">
    <skipped/>
  </testcase> <!-- runScenario -->
  <system-out/>
  <testcase classname="com.siloamSales.RunnerFilesSales" name="runScenario" time="0.008">
    <skipped/>
  </testcase> <!-- runScenario -->
  <system-out/>
  <testcase classname="com.siloamSales.RunnerFilesSales" name="runScenario" time="0.004">
    <skipped/>
  </testcase> <!-- runScenario -->
  <system-out/>
  <testcase classname="com.siloamSales.RunnerFilesSales" name="runScenario" time="0.004">
    <skipped/>
  </testcase> <!-- runScenario -->
  <system-out/>
  <testcase classname="com.siloamSales.RunnerFilesSales" name="runScenario" time="0.005">
    <skipped/>
  </testcase> <!-- runScenario -->
  <system-out/>
  <testcase classname="com.siloamSales.RunnerFilesSales" name="runScenario" time="0.007">
    <skipped/>
  </testcase> <!-- runScenario -->
  <system-out/>
  <testcase classname="com.siloamSales.RunnerFilesSales" name="runScenario" time="0.009">
    <skipped/>
  </testcase> <!-- runScenario -->
  <system-out/>
  <testcase classname="com.siloamSales.RunnerFilesSales" name="runScenario" time="0.004">
    <skipped/>
  </testcase> <!-- runScenario -->
  <system-out/>
  <testcase classname="com.siloamSales.RunnerFilesSales" name="runScenario" time="0.003">
    <skipped/>
  </testcase> <!-- runScenario -->
  <system-out/>
  <testcase classname="com.siloamSales.RunnerFilesSales" name="runScenario" time="0.008">
    <skipped/>
  </testcase> <!-- runScenario -->
  <system-out/>
  <testcase classname="com.siloamSales.RunnerFilesSales" name="runScenario" time="0.006">
    <skipped/>
  </testcase> <!-- runScenario -->
  <system-out/>
  <testcase classname="com.siloamSales.RunnerFilesSales" name="runScenario" time="0.004">
    <skipped/>
  </testcase> <!-- runScenario -->
  <system-out/>
  <testcase classname="com.siloamSales.RunnerFilesSales" name="runScenario" time="0.005">
    <skipped/>
  </testcase> <!-- runScenario -->
  <system-out/>
  <testcase classname="com.siloamSales.RunnerFilesSales" name="runScenario" time="0.004">
    <skipped/>
  </testcase> <!-- runScenario -->
  <system-out/>
  <testcase classname="com.siloamSales.RunnerFilesSales" name="runScenario" time="0.004">
    <skipped/>
  </testcase> <!-- runScenario -->
  <system-out/>
  <testcase classname="com.siloamSales.RunnerFilesSales" name="runScenario" time="0.004">
    <skipped/>
  </testcase> <!-- runScenario -->
  <system-out/>
  <testcase classname="com.siloamSales.RunnerFilesSales" name="runScenario" time="0.003">
    <skipped/>
  </testcase> <!-- runScenario -->
  <system-out/>
</testsuite> <!-- com.siloamSales.RunnerFilesSales -->
